*** Using Compiler 'V5.05 update 1 (build 106)', folder: 'D:\Keil_v5\ARM\ARMCC\Bin'
Build target 'Target 1'
assembling startup_stm32f10x_md.s...
compiling core_cm3.c...
compiling system_stm32f10x.c...
compiling misc.c...
compiling stm32f10x_adc.c...
compiling stm32f10x_bkp.c...
compiling stm32f10x_can.c...
compiling stm32f10x_cec.c...
compiling stm32f10x_crc.c...
compiling stm32f10x_dac.c...
compiling stm32f10x_dbgmcu.c...
compiling stm32f10x_dma.c...
compiling stm32f10x_exti.c...
compiling stm32f10x_flash.c...
compiling stm32f10x_fsmc.c...
compiling stm32f10x_gpio.c...
compiling stm32f10x_i2c.c...
compiling stm32f10x_iwdg.c...
compiling stm32f10x_pwr.c...
compiling stm32f10x_rcc.c...
compiling stm32f10x_rtc.c...
compiling stm32f10x_sdio.c...
compiling stm32f10x_spi.c...
compiling stm32f10x_tim.c...
compiling stm32f10x_usart.c...
compiling stm32f10x_wwdg.c...
compiling Delay.c...
compiling LED.c...
compiling Key.c...
compiling OLED.c...
compiling CHUANKOU.c...
compiling dht11.c...
compiling MY_TIME.c...
Hardware\MY_TIME.c(78): warning:  #167-D: argument of type "uint8_t *" is incompatible with parameter of type "char *"
                        OLED_ShowString(1,1,(uint8_t *)str);
Hardware\MY_TIME.c(85): warning:  #167-D: argument of type "uint8_t *" is incompatible with parameter of type "char *"
                        OLED_ShowString(2,1,(uint8_t *)str);
Hardware\MY_TIME.c(68): warning:  #177-D: variable "GPIO_Inistructure" was declared but never referenced
        GPIO_InitTypeDef GPIO_Inistructure;     
Hardware\MY_TIME.c: 3 warnings, 0 errors
compiling PWM.c...
Hardware\PWM.c(3): warning:  #177-D: variable "i" was declared but never referenced
  static unsigned char i = 0;
Hardware\PWM.c: 1 warning, 0 errors
compiling main.c...
User\main.c(11): warning:  #223-D: function "GPIO_Car_Init" declared implicitly
        GPIO_Car_Init();
User\main.c(21): warning:  #223-D: function "Car_able" declared implicitly
                        Car_able(Rx[0]);
User\main.c(26): error:  #159: declaration is incompatible with previous "Car_able" (declared at line 21)
  void Car_able(char ch){
User\main.c(77): error:  #159: declaration is incompatible with previous "GPIO_Car_Init" (declared at line 11)
  void GPIO_Car_Init(){
User\main.c: 2 warnings, 2 errors
compiling stm32f10x_it.c...
".\Objects\Project.axf" - 2 Error(s), 6 Warning(s).
Target not created.
